<?xml version="1.0" encoding="UTF-8"?>
<testsuite xmlns:xsi="http://www.w3.org/2001/XMLSchema-instance" xsi:noNamespaceSchemaLocation="https://maven.apache.org/surefire/maven-surefire-plugin/xsd/surefire-test-report-3.0.xsd" version="3.0" name="com.engine.SearchControllerTest" time="4.808" tests="1" errors="0" skipped="0" failures="0">
  <properties>
[...]
</properties>
  <testcase name="contextLoads" classname="com.engine.SearchControllerTest" time="0.357">
    <system-out><![CDATA[04:00:48.354 [main] INFO org.springframework.test.context.support.AnnotationConfigContextLoaderUtils -- Could not detect default configuration classes for test class [com.engine.SearchControllerTest]: SearchControllerTest does not declare any static, non-private, non-final, nested classes annotated with @Configuration.
04:00:48.421 [main] INFO org.springframework.boot.test.context.SpringBootTestContextBootstrapper -- Found @SpringBootConfiguration com.engine.App for test class com.engine.SearchControllerTest
     ____________
    |  ________  |
    | |        | |
    | | Search | |
    | |________| |
    |____________|             Happy Searching!
                               clustered-search-and-indexing-engine v3.3.2
          ||
   ______ || ______
  /      \||/      \
 |  o   o \_/  o   o|
 \_______________   /
  \_______________/

2025-09-08T04:00:48.689-05:00  INFO 27992 --- [clustered-search-and-indexing-engine] [           main] com.engine.SearchControllerTest          : Starting SearchControllerTest using Java 21.0.8 with PID 27992 (started by arup in /Users/arup/Documents/Projects/Clustered-Search-Indexing-Engine)
2025-09-08T04:00:48.691-05:00  INFO 27992 --- [clustered-search-and-indexing-engine] [           main] com.engine.SearchControllerTest          : No active profile set, falling back to 1 default profile: "default"
2025-09-08T04:00:49.139-05:00  INFO 27992 --- [clustered-search-and-indexing-engine] [           main] .s.d.r.c.RepositoryConfigurationDelegate : Multiple Spring Data modules found, entering strict repository configuration mode
2025-09-08T04:00:49.139-05:00  INFO 27992 --- [clustered-search-and-indexing-engine] [           main] .s.d.r.c.RepositoryConfigurationDelegate : Bootstrapping Spring Data JPA repositories in DEFAULT mode.
2025-09-08T04:00:49.237-05:00  INFO 27992 --- [clustered-search-and-indexing-engine] [           main] .s.d.r.c.RepositoryConfigurationDelegate : Finished Spring Data repository scanning in 94 ms. Found 3 JPA repository interfaces.
2025-09-08T04:00:49.490-05:00  INFO 27992 --- [clustered-search-and-indexing-engine] [           main] .s.d.r.c.RepositoryConfigurationDelegate : Multiple Spring Data modules found, entering strict repository configuration mode
2025-09-08T04:00:49.491-05:00  INFO 27992 --- [clustered-search-and-indexing-engine] [           main] .s.d.r.c.RepositoryConfigurationDelegate : Bootstrapping Spring Data Redis repositories in DEFAULT mode.
2025-09-08T04:00:49.501-05:00  INFO 27992 --- [clustered-search-and-indexing-engine] [           main] .RepositoryConfigurationExtensionSupport : Spring Data Redis - Could not safely identify store assignment for repository candidate interface com.engine.metadata.DocumentMetaRepository; If you want this repository to be a Redis repository, consider annotating your entities with one of these annotations: org.springframework.data.redis.core.RedisHash (preferred), or consider extending one of the following types with your repository: org.springframework.data.keyvalue.repository.KeyValueRepository
2025-09-08T04:00:49.501-05:00  INFO 27992 --- [clustered-search-and-indexing-engine] [           main] .RepositoryConfigurationExtensionSupport : Spring Data Redis - Could not safely identify store assignment for repository candidate interface com.engine.metadata.TagRepository; If you want this repository to be a Redis repository, consider annotating your entities with one of these annotations: org.springframework.data.redis.core.RedisHash (preferred), or consider extending one of the following types with your repository: org.springframework.data.keyvalue.repository.KeyValueRepository
2025-09-08T04:00:49.501-05:00  INFO 27992 --- [clustered-search-and-indexing-engine] [           main] .RepositoryConfigurationExtensionSupport : Spring Data Redis - Could not safely identify store assignment for repository candidate interface com.engine.security.UserRepository; If you want this repository to be a Redis repository, consider annotating your entities with one of these annotations: org.springframework.data.redis.core.RedisHash (preferred), or consider extending one of the following types with your repository: org.springframework.data.keyvalue.repository.KeyValueRepository
2025-09-08T04:00:49.502-05:00  INFO 27992 --- [clustered-search-and-indexing-engine] [           main] .s.d.r.c.RepositoryConfigurationDelegate : Finished Spring Data repository scanning in 6 ms. Found 0 Redis repository interfaces.
2025-09-08T04:00:50.042-05:00  INFO 27992 --- [clustered-search-and-indexing-engine] [           main] o.hibernate.jpa.internal.util.LogHelper  : HHH000204: Processing PersistenceUnitInfo [name: default]
2025-09-08T04:00:50.073-05:00  INFO 27992 --- [clustered-search-and-indexing-engine] [           main] org.hibernate.Version                    : HHH000412: Hibernate ORM core version 6.5.2.Final
2025-09-08T04:00:50.091-05:00  INFO 27992 --- [clustered-search-and-indexing-engine] [           main] o.h.c.internal.RegionFactoryInitiator    : HHH000026: Second-level cache disabled
2025-09-08T04:00:50.272-05:00  INFO 27992 --- [clustered-search-and-indexing-engine] [           main] o.s.o.j.p.SpringPersistenceUnitInfo      : No LoadTimeWeaver setup: ignoring JPA class transformer
2025-09-08T04:00:50.287-05:00  INFO 27992 --- [clustered-search-and-indexing-engine] [           main] com.zaxxer.hikari.HikariDataSource       : HikariPool-1 - Starting...
2025-09-08T04:00:50.415-05:00  INFO 27992 --- [clustered-search-and-indexing-engine] [           main] com.zaxxer.hikari.pool.HikariPool        : HikariPool-1 - Added connection org.postgresql.jdbc.PgConnection@1d4531fa
2025-09-08T04:00:50.416-05:00  INFO 27992 --- [clustered-search-and-indexing-engine] [           main] com.zaxxer.hikari.HikariDataSource       : HikariPool-1 - Start completed.
2025-09-08T04:00:50.442-05:00  WARN 27992 --- [clustered-search-and-indexing-engine] [           main] org.hibernate.orm.deprecation            : HHH90000025: PostgreSQLDialect does not need to be specified explicitly using 'hibernate.dialect' (remove the property setting and it will be selected by default)
2025-09-08T04:00:50.981-05:00  INFO 27992 --- [clustered-search-and-indexing-engine] [           main] o.h.e.t.j.p.i.JtaPlatformInitiator       : HHH000489: No JTA platform available (set 'hibernate.transaction.jta.platform' to enable JTA platform integration)
2025-09-08T04:00:50.985-05:00  INFO 27992 --- [clustered-search-and-indexing-engine] [           main] j.LocalContainerEntityManagerFactoryBean : Initialized JPA EntityManagerFactory for persistence unit 'default'
2025-09-08T04:00:51.219-05:00  INFO 27992 --- [clustered-search-and-indexing-engine] [           main] o.a.l.s.MemorySegmentIndexInputProvider  : Using MemorySegmentIndexInput with Java 21; to disable start with -Dorg.apache.lucene.store.MMapDirectory.enableMemorySegments=false
2025-09-08T04:00:51.578-05:00  WARN 27992 --- [clustered-search-and-indexing-engine] [           main] JpaBaseConfiguration$JpaWebConfiguration : spring.jpa.open-in-view is enabled by default. Therefore, database queries may be performed during view rendering. Explicitly configure spring.jpa.open-in-view to disable this warning
2025-09-08T04:00:51.608-05:00  INFO 27992 --- [clustered-search-and-indexing-engine] [           main] r$InitializeUserDetailsManagerConfigurer : Global AuthenticationManager configured with UserDetailsService bean with name customUserDetailsService
2025-09-08T04:00:51.875-05:00  INFO 27992 --- [clustered-search-and-indexing-engine] [           main] n.d.b.g.c.a.GrpcClientAutoConfiguration  : Detected grpc-netty-shaded: Creating ShadedNettyChannelFactory + InProcessChannelFactory
2025-09-08T04:00:52.207-05:00  INFO 27992 --- [clustered-search-and-indexing-engine] [           main] g.s.a.GrpcServerFactoryAutoConfiguration : Detected grpc-netty-shaded: Creating ShadedNettyGrpcServerFactory
2025-09-08T04:00:52.561-05:00  INFO 27992 --- [clustered-search-and-indexing-engine] [           main] n.d.b.g.s.s.AbstractGrpcServerFactory    : Registered gRPC service: engine.SearchService, bean: searchServiceImpl, class: com.engine.grpc.SearchServiceImpl
2025-09-08T04:00:52.562-05:00  INFO 27992 --- [clustered-search-and-indexing-engine] [           main] n.d.b.g.s.s.AbstractGrpcServerFactory    : Registered gRPC service: engine.metadata.MetadataService, bean: metadataServiceImpl, class: com.engine.metadata.MetadataServiceImpl
2025-09-08T04:00:52.562-05:00  INFO 27992 --- [clustered-search-and-indexing-engine] [           main] n.d.b.g.s.s.AbstractGrpcServerFactory    : Registered gRPC service: grpc.health.v1.Health, bean: grpcHealthService, class: io.grpc.protobuf.services.HealthServiceImpl
2025-09-08T04:00:52.562-05:00  INFO 27992 --- [clustered-search-and-indexing-engine] [           main] n.d.b.g.s.s.AbstractGrpcServerFactory    : Registered gRPC service: grpc.reflection.v1alpha.ServerReflection, bean: protoReflectionService, class: io.grpc.protobuf.services.ProtoReflectionService
2025-09-08T04:00:52.634-05:00  INFO 27992 --- [clustered-search-and-indexing-engine] [           main] n.d.b.g.s.s.GrpcServerLifecycle          : gRPC Server started, listening on address: *, port: 9090
2025-09-08T04:00:52.647-05:00  INFO 27992 --- [clustered-search-and-indexing-engine] [           main] com.engine.SearchControllerTest          : Started SearchControllerTest in 4.155 seconds (process running for 4.696)
2025-09-08T04:00:52.693-05:00  INFO 27992 --- [clustered-search-and-indexing-engine] [           main] com.engine.bootstrap.InitRunner          : Engine bootstrapped
]]></system-out>
    <system-err><![CDATA[WARNING: A Java agent has been loaded dynamically (/Users/arup/.m2/repository/net/bytebuddy/byte-buddy-agent/1.14.18/byte-buddy-agent-1.14.18.jar)
WARNING: If a serviceability tool is in use, please run with -XX:+EnableDynamicAgentLoading to hide this warning
WARNING: If a serviceability tool is not in use, please run with -Djdk.instrument.traceUsage for more information
WARNING: Dynamic loading of agents will be disallowed by default in a future release
]]></system-err>
  </testcase>
</testsuite>